[Print][Tue Jan 05 19:28:09 2021]: >> Cleaning players online status...    

[Print][Tue Jan 05 19:28:09 2021]: > Done in 0.00 seconds    

[Print][Tue Jan 05 19:28:09 2021]: >> Loading PvP Arenas...    

[Print][Tue Jan 05 19:28:09 2021]: > Done in 0.00 seconds    

[Print][Tue Jan 05 19:28:09 2021]: >> Loading Caught Highscores...    

[Print][Tue Jan 05 19:28:09 2021]: > Done in 0.00 seconds    

[Print][Tue Jan 05 19:28:09 2021]: >> Loading Tournament Highscores...    

[Print][Tue Jan 05 19:28:09 2021]: > Done in 0.00 seconds    

[Print][Tue Jan 05 19:28:09 2021]: >> Loading Berry Trees...    

[Print][Tue Jan 05 19:28:09 2021]: > Done in 0.00 seconds    

[Print][Tue Jan 05 19:28:09 2021]: >> Cleaning Mastery Dungeons...    

[Print][Tue Jan 05 19:28:09 2021]: > Done in 0.00 seconds    

[Print][Tue Jan 05 19:28:09 2021]: >> Loading Bosses...    

[Print][Tue Jan 05 19:28:09 2021]: >> Scheduled Boss Spawn: Blastertoise in 3 days, 15 hours, 38 minutes and 8 seconds    

[Print][Tue Jan 05 19:28:09 2021]: > Done in 0.00 seconds    

[Print][Tue Jan 05 19:28:09 2021]: >> Loading Highscores...    

[Print][Tue Jan 05 19:28:09 2021]: > Done in 0.00 seconds    

[Print][Tue Jan 05 19:28:09 2021]: >> Loading Ball Pillars...    

[Print][Tue Jan 05 19:28:09 2021]: > Done in 0.00 seconds    

[Print][Tue Jan 05 19:28:09 2021]: >> Loading Citizens...    

[Print][Tue Jan 05 19:28:09 2021]: > Done in 0.06 seconds    

[Print][Tue Jan 05 19:28:09 2021]: >> Loading SupriseBox...    

[Print][Tue Jan 05 19:28:09 2021]: > Done in 0.01 seconds    

[Print][Tue Jan 05 19:28:09 2021]: >> Loading Ranks...    

[Print][Tue Jan 05 19:28:09 2021]: > Done in 0.00 seconds    

[Print][Tue Jan 05 19:28:09 2021]: >> All done on Tue Jan 05 19:28:09 2021    

[Print][Tue Jan 05 19:31:02 2021]: >> Cleaning players online status...    

[Print][Tue Jan 05 19:31:02 2021]: > Done in 0.00 seconds    

[Print][Tue Jan 05 19:31:02 2021]: >> Loading PvP Arenas...    

[Print][Tue Jan 05 19:31:02 2021]: > Done in 0.00 seconds    

[Print][Tue Jan 05 19:31:02 2021]: >> Loading Caught Highscores...    

[Print][Tue Jan 05 19:31:02 2021]: > Done in 0.00 seconds    

[Print][Tue Jan 05 19:31:02 2021]: >> Loading Tournament Highscores...    

[Print][Tue Jan 05 19:31:02 2021]: > Done in 0.00 seconds    

[Print][Tue Jan 05 19:31:02 2021]: >> Loading Berry Trees...    

[Print][Tue Jan 05 19:31:02 2021]: > Done in 0.00 seconds    

[Print][Tue Jan 05 19:31:02 2021]: >> Cleaning Mastery Dungeons...    

[Print][Tue Jan 05 19:31:02 2021]: > Done in 0.00 seconds    

[Print][Tue Jan 05 19:31:02 2021]: >> Loading Bosses...    

[Print][Tue Jan 05 19:31:02 2021]: >> Scheduled Boss Spawn: Twisted Blades in 3 days, 10 hours, 4 minutes and 53 seconds    

[Print][Tue Jan 05 19:31:02 2021]: > Done in 0.00 seconds    

[Print][Tue Jan 05 19:31:02 2021]: >> Loading Highscores...    

[Print][Tue Jan 05 19:31:02 2021]: > Done in 0.00 seconds    

[Print][Tue Jan 05 19:31:02 2021]: >> Loading Ball Pillars...    

[Print][Tue Jan 05 19:31:02 2021]: > Done in 0.00 seconds    

[Print][Tue Jan 05 19:31:02 2021]: >> Loading Citizens...    

[Print][Tue Jan 05 19:31:02 2021]: > Done in 0.05 seconds    

[Print][Tue Jan 05 19:31:02 2021]: >> Loading SupriseBox...    

[Print][Tue Jan 05 19:31:02 2021]: > Done in 0.01 seconds    

[Print][Tue Jan 05 19:31:02 2021]: >> Loading Ranks...    

[Print][Tue Jan 05 19:31:02 2021]: > Done in 0.00 seconds    

[Print][Tue Jan 05 19:31:02 2021]: >> All done on Tue Jan 05 19:31:02 2021    

